<?xml version="1.0" encoding="UTF-8"?>
<!-- Generated by org.testng.reporters.JUnitReportReporter -->
<testsuite hostname="eti" failures="0" tests="1" name="myPack.AmazonAssing" time="11.494" errors="0" timestamp="2023-07-03T16:33:49 IST" skipped="0">
  <testcase classname="myPack.AmazonAssing" name="testScript" time="11.494"/>
  <system-out/>
</testsuite> <!-- myPack.AmazonAssing -->
